2021-03-31 11:40:57
-------------------------<strong>El proceso de almacenado para tasa de cambio finalizo con errores </strong>
<strong>Detalles:</strong>
<code>Tasa de cambio no disponible para el mes 05 del año 2021</code>
--------------------------------------------------<br>-------------------------<br>

2021-03-31 11:41:13
-------------------------<strong>El proceso de almacenado para tasa de cambio finalizo con errores </strong>
<strong>Detalles:</strong>
<code>Tasa de cambio no disponible para el mes 05 del año 2021</code>
--------------------------------------------------<br>-------------------------<br>

2021-03-31 11:41:57
-------------------------<strong>El proceso de almacenado para tasa de cambio finalizo con errores </strong>
<strong>Detalles:</strong>
<code>Tasa de cambio no disponible para el mes 05 del año 2021</code>
--------------------------------------------------<br>-------------------------<br>

2021-03-31 11:42:56
-------------------------<strong>El proceso de almacenado para tasa de cambio finalizo con errores </strong>
<strong>Detalles:</strong>
<code>Tasa de cambio no disponible para el mes 05 del año 2021</code>
--------------------------------------------------<br>-------------------------<br>

2021-03-31 11:42:59
-------------------------<strong>El proceso de almacenado para tasa de cambio finalizo con errores </strong>
<strong>Detalles:</strong>
<code>Tasa de cambio no disponible para el mes 05 del año 2021</code>
--------------------------------------------------<br>-------------------------<br>

2021-03-31 11:43:42
-------------------------<strong>El proceso de almacenado para tasa de cambio finalizo con errores </strong>
<strong>Detalles:</strong>
<code>Tasa de cambio no disponible para el mes 05 del año 2021</code>
--------------------------------------------------<br>-------------------------<br>

2021-03-31 11:44:29
-------------------------<strong>El proceso de almacenado para tasa de cambio finalizo con errores </strong>
<strong>Detalles:</strong>
<code>Tasa de cambio no disponible para el mes 05 del año 2021</code>
--------------------------------------------------<br>-------------------------<br>

2021-03-31 11:49:42
-------------------------<strong>El proceso de almacenado para tasa de cambio finalizo con errores </strong>
<strong>Detalles:</strong>
<code>Tasa de cambio no disponible para el mes 05 del año 2021</code>
--------------------------------------------------<br>-------------------------<br>

2021-03-31 11:50:02
-------------------------<strong>El proceso de almacenado para tasa de cambio finalizo con errores </strong>
<strong>Detalles:</strong>
<code>Tasa de cambio no disponible para el mes 05 del año 2021</code>
--------------------------------------------------<br>=== Connection closed with remote host.=== Connection closed with remote host.-------------------------<br>

2021-03-31 11:50:37
-------------------------<strong>El proceso de almacenado para tasa de cambio finalizo con errores </strong>
<strong>Detalles:</strong>
<code>Tasa de cambio no disponible para el mes 05 del año 2021</code>
-------------------------{"ok":true,"result":{"message_id":74,"from":{"id":1427879019,"is_bot":true,"first_name":"Yoin Bot","username":"Ytnsbot"},"chat":{"id":-237503884,"title":"Yota Notificaciones","type":"group","all_members_are_administrators":false},"date":1617205836,"text":"El proceso de almacenado para tasa de cambio finalizo con errores \nDetalles:\nTasa de cambio no disponible para el mes 05 del a\u00f1o 2021","entities":[{"offset":0,"length":66,"type":"bold"},{"offset":67,"length":9,"type":"bold"},{"offset":77,"length":56,"type":"code"}]}}-------------------------<br>=== Connection closed with remote host.=== Connection closed with remote host.-------------------------<br>

2021-03-31 11:50:57
-------------------------<strong>El proceso de almacenado para tasa de cambio finalizo con errores </strong>
<strong>Detalles:</strong>
<code>Tasa de cambio no disponible para el mes 05 del año 2021</code>
--------------------------------------------------<br>-------------------------<br>

2021-03-31 12:03:13
-------------------------<strong>El proceso de almacenado para tasa de cambio del mes 05 del año 2021 finalizo Satisfactoriamente!!</strong>--------------------------------------------------<br>-------------------------<br>

2021-03-31 12:13:59
-------------------------<strong>El proceso de almacenado para tasa de cambio del mes 05 del año 2021 finalizo Satisfactoriamente!!</strong>--------------------------------------------------<br>-------------------------<br>

2021-03-31 13:35:24
-------------------------<strong>El proceso de almacenado para tasa de cambio del mes 05 del año 2021 finalizo Satisfactoriamente!!</strong>--------------------------------------------------<br>-------------------------<br>

2021-03-31 14:00:05
-------------------------<strong>El proceso de almacenado para tasa de cambio del mes 05 del año 2021 finalizo Satisfactoriamente!!</strong>--------------------------------------------------<br>-------------------------<br>

2021-03-31 14:00:12
-------------------------<strong>El proceso de almacenado para tasa de cambio del mes 05 del año 2021 finalizo Satisfactoriamente!!</strong>--------------------------------------------------<br>-------------------------<br>

2021-03-31 14:02:02
-------------------------<strong>El proceso de almacenado para tasa de cambio del mes 05 del año 2021 finalizo Satisfactoriamente!!</strong>--------------------------------------------------<br>-------------------------<br>

2021-03-31 14:07:18
-------------------------<strong>El proceso de almacenado para tasa de cambio del mes 05 del año 2021 finalizo Satisfactoriamente!!</strong>--------------------------------------------------<br>-------------------------<br>

2021-04-05 10:50:15
-------------------------<strong>El proceso de almacenado para tasa de cambio del mes 05 del año 2021 finalizo Satisfactoriamente!!</strong>--------------------------------------------------<br>-------------------------<br>

2021-04-05 10:57:11
-------------------------<strong>El proceso de almacenado para tasa de cambio finalizo con errores </strong>
<strong>Detalles:</strong>
<br />SQLSTATE: 42000<br />code: 201<br />message: [Microsoft][ODBC Driver 17 for SQL Server][SQL Server]Procedure or function 'Pa_TipoCambio_Insert' expects parameter '@Details', which was not supplied.<br />--------------------------------------------------<br>-------------------------<br>

2021-04-05 10:57:49
-------------------------<strong>El proceso de almacenado para tasa de cambio finalizo con errores </strong>
<strong>Detalles:</strong>
<br />SQLSTATE: 42000<br />code: 201<br />message: [Microsoft][ODBC Driver 17 for SQL Server][SQL Server]Procedure or function 'Pa_TipoCambio_Insert' expects parameter '@Details', which was not supplied.<br />--------------------------------------------------<br>-------------------------<br>

2021-04-05 11:07:56
-------------------------<strong>El proceso de almacenado para tasa de cambio del mes 05 del año 2021 finalizo Satisfactoriamente!!</strong>--------------------------------------------------<br>-------------------------<br>

2021-04-05 11:30:39
-------------------------<strong>El proceso de almacenado para tasa de cambio finalizo con errores </strong>
<strong>Detalles:</strong>
No such file or directory--------------------------------------------------<br>-------------------------<br>

2021-04-05 11:32:19
-------------------------<strong>El proceso de almacenado para tasa de cambio finalizo con errores </strong>
<strong>Detalles:</strong>
Connection timed out--------------------------------------------------<br>-------------------------<br>

2021-04-05 11:34:15
-------------------------<strong>El proceso de almacenado para tasa de cambio finalizo con errores </strong>
<strong>Detalles:</strong>
Connection timed out--------------------------------------------------<br>-------------------------<br>

2021-04-05 11:41:00
-------------------------<strong>El proceso de almacenado para tasa de cambio finalizo con errores </strong>
<strong>Detalles:</strong>
Connection timed out--------------------------------------------------<br>-------------------------<br>

2021-04-05 11:59:53
-------------------------<strong>El proceso de almacenado para tasa de cambio finalizo con errores </strong>
<strong>Detalles:</strong>
Connection timed out--------------------------------------------------<br>-------------------------<br>

2021-04-06 18:46:53
-------------------------<strong>El proceso de almacenado para tasa de cambio finalizo con errores </strong>
<strong>Detalles:</strong>
Host '10.91.1.23' is not allowed to connect to this MySQL server--------------------------------------------------<br>-------------------------<br>

2021-04-06 18:50:56
-------------------------<strong>El proceso de almacenado para tasa de cambio del mes 05 del año 2021 finalizo Satisfactoriamente!!</strong>--------------------------------------------------<br>-------------------------<br>

2021-04-06 18:51:06
-------------------------<strong>El proceso de almacenado para tasa de cambio finalizo con errores </strong>
<strong>Detalles:</strong>
Host '10.91.1.23' is not allowed to connect to this MySQL server--------------------------------------------------<br>-------------------------<br>

2021-04-07 10:48:17
-------------------------<strong>El proceso de almacenado para tasa de cambio del mes 05 del año 2021 finalizo Satisfactoriamente!!</strong>--------------------------------------------------<br>-------------------------<br>

2021-04-07 11:28:15
-------------------------<strong>El proceso de almacenado para tasa de cambio del mes 05 del año 2021 finalizo Satisfactoriamente!!</strong>--------------------------------------------------<br>-------------------------<br>

2021-04-07 11:28:50
-------------------------<strong>El proceso de almacenado para tasa de cambio del mes 05 del año 2021 finalizo Satisfactoriamente!!</strong>--------------------------------------------------<br>-------------------------<br>

2021-04-07 11:30:40
-------------------------<strong>El proceso de almacenado para tasa de cambio del mes 05 del año 2021 finalizo Satisfactoriamente!!</strong>--------------------------------------------------<br>-------------------------<br>

2021-04-07 11:34:16
-------------------------<strong>El proceso de almacenado para tasa de cambio del mes 05 del año 2021 finalizo Satisfactoriamente!!</strong>--------------------------------------------------<br>-------------------------<br>

2021-04-07 11:40:51
-------------------------<strong>El proceso de almacenado para tasa de cambio del mes 05 del año 2021 finalizo Satisfactoriamente!!</strong>--------------------------------------------------<br>-------------------------<br>

2021-04-07 11:42:02
-------------------------<strong>El proceso de almacenado para tasa de cambio finalizo con errores </strong>
<strong>Detalles:</strong>
<br />SQLSTATE: IMSSP<br />code: -61<br />message: Variable parameter 1 not passed by reference (prefaced with an &).  Output or bidirectional variable parameters (SQLSRV_PARAM_OUT and SQLSRV_PARAM_INOUT) passed to sqlsrv_prepare or sqlsrv_query should be passed by reference, not by value.<br />--------------------------------------------------<br>-------------------------<br>

2021-04-07 11:42:51
-------------------------<strong>El proceso de almacenado para tasa de cambio del mes 05 del año 2021 finalizo Satisfactoriamente!!</strong>--------------------------------------------------<br>-------------------------<br>

2021-04-07 11:44:09
-------------------------<strong>El proceso de almacenado para tasa de cambio del mes 05 del año 2021 finalizo Satisfactoriamente!!</strong>--------------------------------------------------<br>-------------------------<br>

2021-04-07 11:45:29
-------------------------<strong>El proceso de almacenado para tasa de cambio del mes 05 del año 2021 finalizo Satisfactoriamente!!</strong>--------------------------------------------------<br>-------------------------<br>

2021-04-07 11:48:50
-------------------------<strong>El proceso de almacenado para tasa de cambio del mes 05 del año 2021 finalizo Satisfactoriamente!!</strong>--------------------------------------------------<br>-------------------------<br>

2021-04-07 11:49:04
-------------------------<strong>El proceso de almacenado para tasa de cambio del mes 05 del año 2021 finalizo Satisfactoriamente!!</strong>--------------------------------------------------<br>-------------------------<br>

2021-04-07 11:53:30
-------------------------<strong>El proceso de almacenado para tasa de cambio finalizo con errores </strong>
<strong>Detalles:</strong>
Connection timed out--------------------------------------------------<br>-------------------------<br>

2021-04-07 12:10:05
-------------------------<strong>El proceso de almacenado para tasa de cambio del mes 05 del año 2021 finalizo Satisfactoriamente!!</strong>--------------------------------------------------<br>-------------------------<br>

2021-04-07 12:10:22
-------------------------<strong>El proceso de almacenado para tasa de cambio finalizo con errores </strong>
<strong>Detalles:</strong>
Connection timed out--------------------------------------------------<br>-------------------------<br>

2021-04-07 12:10:50
-------------------------<strong>El proceso de almacenado para tasa de cambio del mes 05 del año 2021 finalizo Satisfactoriamente!!</strong>--------------------------------------------------<br>-------------------------<br>

2021-04-07 12:29:43
-------------------------<strong>El proceso de almacenado para tasa de cambio finalizo con errores </strong>
<strong>Detalles:</strong>
1--------------------------------------------------<br>-------------------------<br>

2021-04-07 12:30:42
-------------------------<strong>El proceso de almacenado para tasa de cambio del mes 05 del año 2021 finalizo Satisfactoriamente!!</strong>--------------------------------------------------<br>-------------------------<br>

2021-04-07 12:57:50
-------------------------<strong>El proceso de almacenado para tasa de cambio finalizo con errores </strong>
<strong>Detalles:</strong>
<code>Tasa de cambio no disponible para el mes 05 del año 2021</code>
--------------------------------------------------<br>-------------------------<br>

2021-04-07 13:18:35
-------------------------<strong>El proceso de almacenado para tasa de cambio finalizo con errores </strong>
<strong>Detalles:</strong>
<code>Tasa de cambio no disponible para el mes 05 del año 2021</code>
--------------------------------------------------<br>-------------------------<br>

2021-04-07 13:20:51
-------------------------<strong>El proceso de almacenado para tasa de cambio del mes 05 del año 2021 finalizo Satisfactoriamente!!</strong>--------------------------------------------------<br>-------------------------<br>

2021-04-07 13:21:12
-------------------------<strong>El proceso de almacenado para tasa de cambio del mes 05 del año 2021 finalizo Satisfactoriamente!!</strong>--------------------------------------------------<br>-------------------------<br>

2021-04-07 13:21:35
-------------------------<strong>El proceso de almacenado para tasa de cambio del mes 4 del año 2021 finalizo Satisfactoriamente!!</strong>--------------------------------------------------<br>-------------------------<br>

2021-04-07 13:23:27
-------------------------<strong>El proceso de almacenado para tasa de cambio del mes 4 del año 2021 finalizo Satisfactoriamente!!</strong>--------------------------------------------------<br>-------------------------<br>

2021-04-07 13:30:48
-------------------------<strong>El proceso de almacenado para tasa de cambio del mes 4 del año 2021 finalizo Satisfactoriamente!!</strong>--------------------------------------------------<br>-------------------------<br>

2021-04-07 13:32:06
-------------------------<strong>El proceso de almacenado para tasa de cambio del mes 4 del año 2021 finalizo Satisfactoriamente!!</strong>--------------------------------------------------<br>=== Connection closed with remote host.-------------------------<br>

2021-04-07 13:33:27
-------------------------<strong>El proceso de almacenado para tasa de cambio del mes 4 del año 2021 finalizo Satisfactoriamente!!</strong>--------------------------------------------------<br>-------------------------<br>

2021-04-07 13:33:55
-------------------------<strong>El proceso de almacenado para tasa de cambio del mes 4 del año 2021 finalizo Satisfactoriamente!!</strong>--------------------------------------------------<br>-------------------------<br>

2021-04-07 13:34:27
-------------------------<strong>El proceso de almacenado para tasa de cambio del mes 4 del año 2021 finalizo Satisfactoriamente!!</strong>--------------------------------------------------<br>-------------------------<br>

2021-04-07 13:43:48
-------------------------<strong>El proceso de almacenado para tasa de cambio del mes 4 del año 2021 finalizo Satisfactoriamente!!</strong>--------------------------------------------------<br>-------------------------<br>

2021-04-07 13:45:45
-------------------------<strong>El proceso de almacenado para tasa de cambio del mes 4 del año 2021 finalizo Satisfactoriamente!!</strong>--------------------------------------------------<br>-------------------------<br>

2021-04-07 13:46:04
-------------------------<strong>El proceso de almacenado para tasa de cambio del mes 4 del año 2021 finalizo Satisfactoriamente!!</strong>--------------------------------------------------<br>-------------------------<br>

2021-04-07 13:47:11
-------------------------<strong>El proceso de almacenado para tasa de cambio del mes 4 del año 2021 finalizo Satisfactoriamente!!</strong>--------------------------------------------------<br>-------------------------<br>

2021-04-07 13:50:22
-------------------------<strong>El proceso de almacenado para tasa de cambio del mes 4 del año 2021 finalizo Satisfactoriamente!!</strong>--------------------------------------------------<br>-------------------------<br>

